<?xml version="1.0" encoding="UTF-8"?>
<coverage generated="1607595620602" clover="3.2.0">
  <project timestamp="1607595620602" name="All files">
    <metrics statements="8" coveredstatements="6" conditionals="5" coveredconditionals="5" methods="2" coveredmethods="1" elements="15" coveredelements="12" complexity="0" loc="8" ncloc="8" packages="1" files="1" classes="1"/>
    <file name="helpers.js" path="C:\_GIT\DEV_V\Werkstuk\climatelocator\api\src\utils\helpers.js">
      <metrics statements="8" coveredstatements="6" conditionals="5" coveredconditionals="5" methods="2" coveredmethods="1"/>
      <line num="2" count="1" type="stmt"/>
      <line num="4" count="1" type="stmt"/>
      <line num="6" count="0" type="stmt"/>
      <line num="7" count="0" type="stmt"/>
      <line num="13" count="2" type="cond" truecount="5" falsecount="0"/>
      <line num="14" count="1" type="stmt"/>
      <line num="16" count="1" type="stmt"/>
      <line num="21" count="1" type="stmt"/>
    </file>
  </project>
</coverage>
