{"C:\\_GIT\\DEV_V\\Werkstuk\\climatelocator\\api\\src\\server.js": {"path":"C:\\_GIT\\DEV_V\\Werkstuk\\climatelocator\\api\\src\\server.js","statementMap":{"0":{"start":{"line":1,"column":16},"end":{"line":1,"column":34}},"1":{"start":{"line":2,"column":19},"end":{"line":2,"column":41}},"2":{"start":{"line":3,"column":13},"end":{"line":3,"column":28}},"3":{"start":{"line":4,"column":16},"end":{"line":4,"column":45}},"4":{"start":{"line":8,"column":4},"end":{"line":8,"column":33}},"5":{"start":{"line":11,"column":4},"end":{"line":11,"column":21}},"6":{"start":{"line":12,"column":17},"end":{"line":12,"column":53}},"7":{"start":{"line":14,"column":13},"end":{"line":14,"column":17}},"8":{"start":{"line":16,"column":12},"end":{"line":16,"column":21}},"9":{"start":{"line":17,"column":0},"end":{"line":17,"column":17}},"10":{"start":{"line":20,"column":0},"end":{"line":20,"column":27}},"11":{"start":{"line":21,"column":0},"end":{"line":26,"column":2}},"12":{"start":{"line":30,"column":0},"end":{"line":34,"column":3}},"13":{"start":{"line":31,"column":2},"end":{"line":33,"column":4}},"14":{"start":{"line":38,"column":11},"end":{"line":43,"column":2}},"15":{"start":{"line":46,"column":2},"end":{"line":96,"column":5}},"16":{"start":{"line":47,"column":4},"end":{"line":95,"column":5}},"17":{"start":{"line":48,"column":6},"end":{"line":94,"column":11}},"18":{"start":{"line":50,"column":10},"end":{"line":50,"column":29}},"19":{"start":{"line":51,"column":10},"end":{"line":51,"column":29}},"20":{"start":{"line":52,"column":10},"end":{"line":52,"column":31}},"21":{"start":{"line":53,"column":10},"end":{"line":53,"column":31}},"22":{"start":{"line":54,"column":10},"end":{"line":54,"column":37}},"23":{"start":{"line":55,"column":10},"end":{"line":55,"column":35}},"24":{"start":{"line":56,"column":10},"end":{"line":56,"column":34}},"25":{"start":{"line":57,"column":10},"end":{"line":57,"column":33}},"26":{"start":{"line":58,"column":10},"end":{"line":58,"column":39}},"27":{"start":{"line":61,"column":26},"end":{"line":89,"column":11}},"28":{"start":{"line":90,"column":10},"end":{"line":90,"column":49}},"29":{"start":{"line":91,"column":10},"end":{"line":93,"column":11}},"30":{"start":{"line":91,"column":23},"end":{"line":91,"column":24}},"31":{"start":{"line":92,"column":12},"end":{"line":92,"column":61}},"32":{"start":{"line":97,"column":2},"end":{"line":219,"column":5}},"33":{"start":{"line":98,"column":4},"end":{"line":218,"column":5}},"34":{"start":{"line":99,"column":6},"end":{"line":217,"column":11}},"35":{"start":{"line":101,"column":10},"end":{"line":101,"column":29}},"36":{"start":{"line":102,"column":10},"end":{"line":102,"column":29}},"37":{"start":{"line":103,"column":10},"end":{"line":103,"column":31}},"38":{"start":{"line":104,"column":10},"end":{"line":104,"column":34}},"39":{"start":{"line":105,"column":10},"end":{"line":105,"column":46}},"40":{"start":{"line":106,"column":10},"end":{"line":106,"column":47}},"41":{"start":{"line":107,"column":10},"end":{"line":107,"column":38}},"42":{"start":{"line":108,"column":10},"end":{"line":108,"column":39}},"43":{"start":{"line":111,"column":10},"end":{"line":111,"column":49}},"44":{"start":{"line":112,"column":26},"end":{"line":213,"column":11}},"45":{"start":{"line":214,"column":10},"end":{"line":216,"column":11}},"46":{"start":{"line":214,"column":23},"end":{"line":214,"column":24}},"47":{"start":{"line":215,"column":12},"end":{"line":215,"column":61}},"48":{"start":{"line":221,"column":0},"end":{"line":221,"column":19}},"49":{"start":{"line":227,"column":0},"end":{"line":252,"column":3}},"50":{"start":{"line":228,"column":15},"end":{"line":228,"column":23}},"51":{"start":{"line":229,"column":2},"end":{"line":251,"column":3}},"52":{"start":{"line":230,"column":19},"end":{"line":250,"column":8}},"53":{"start":{"line":234,"column":8},"end":{"line":234,"column":28}},"54":{"start":{"line":235,"column":8},"end":{"line":235,"column":72}},"55":{"start":{"line":236,"column":8},"end":{"line":249,"column":9}},"56":{"start":{"line":237,"column":10},"end":{"line":246,"column":14}},"57":{"start":{"line":241,"column":14},"end":{"line":241,"column":29}},"58":{"start":{"line":242,"column":14},"end":{"line":245,"column":24}},"59":{"start":{"line":248,"column":10},"end":{"line":248,"column":33}},"60":{"start":{"line":258,"column":0},"end":{"line":271,"column":3}},"61":{"start":{"line":259,"column":15},"end":{"line":259,"column":30}},"62":{"start":{"line":260,"column":2},"end":{"line":270,"column":7}},"63":{"start":{"line":266,"column":6},"end":{"line":266,"column":29}},"64":{"start":{"line":268,"column":6},"end":{"line":268,"column":21}},"65":{"start":{"line":269,"column":6},"end":{"line":269,"column":29}},"66":{"start":{"line":277,"column":0},"end":{"line":309,"column":3}},"67":{"start":{"line":278,"column":15},"end":{"line":278,"column":28}},"68":{"start":{"line":279,"column":2},"end":{"line":308,"column":7}},"69":{"start":{"line":300,"column":6},"end":{"line":300,"column":21}},"70":{"start":{"line":301,"column":6},"end":{"line":304,"column":16}},"71":{"start":{"line":306,"column":6},"end":{"line":306,"column":21}},"72":{"start":{"line":307,"column":6},"end":{"line":307,"column":29}},"73":{"start":{"line":315,"column":0},"end":{"line":329,"column":3}},"74":{"start":{"line":316,"column":2},"end":{"line":328,"column":7}},"75":{"start":{"line":321,"column":6},"end":{"line":323,"column":8}},"76":{"start":{"line":324,"column":6},"end":{"line":324,"column":29}},"77":{"start":{"line":326,"column":6},"end":{"line":326,"column":21}},"78":{"start":{"line":327,"column":6},"end":{"line":327,"column":29}},"79":{"start":{"line":335,"column":0},"end":{"line":349,"column":3}},"80":{"start":{"line":336,"column":2},"end":{"line":348,"column":7}},"81":{"start":{"line":341,"column":6},"end":{"line":343,"column":8}},"82":{"start":{"line":344,"column":6},"end":{"line":344,"column":29}},"83":{"start":{"line":346,"column":6},"end":{"line":346,"column":21}},"84":{"start":{"line":347,"column":6},"end":{"line":347,"column":29}},"85":{"start":{"line":355,"column":0},"end":{"line":367,"column":3}},"86":{"start":{"line":356,"column":2},"end":{"line":366,"column":7}},"87":{"start":{"line":359,"column":6},"end":{"line":361,"column":8}},"88":{"start":{"line":362,"column":6},"end":{"line":362,"column":29}},"89":{"start":{"line":364,"column":6},"end":{"line":364,"column":21}},"90":{"start":{"line":365,"column":6},"end":{"line":365,"column":29}},"91":{"start":{"line":373,"column":0},"end":{"line":391,"column":3}},"92":{"start":{"line":374,"column":15},"end":{"line":374,"column":30}},"93":{"start":{"line":375,"column":2},"end":{"line":390,"column":7}},"94":{"start":{"line":383,"column":6},"end":{"line":385,"column":8}},"95":{"start":{"line":386,"column":6},"end":{"line":386,"column":29}},"96":{"start":{"line":388,"column":6},"end":{"line":388,"column":21}},"97":{"start":{"line":389,"column":6},"end":{"line":389,"column":29}},"98":{"start":{"line":397,"column":0},"end":{"line":410,"column":3}},"99":{"start":{"line":398,"column":15},"end":{"line":398,"column":30}},"100":{"start":{"line":399,"column":2},"end":{"line":409,"column":7}},"101":{"start":{"line":405,"column":6},"end":{"line":405,"column":29}},"102":{"start":{"line":407,"column":6},"end":{"line":407,"column":21}},"103":{"start":{"line":408,"column":6},"end":{"line":408,"column":29}},"104":{"start":{"line":416,"column":0},"end":{"line":431,"column":3}},"105":{"start":{"line":417,"column":15},"end":{"line":417,"column":23}},"106":{"start":{"line":418,"column":2},"end":{"line":430,"column":7}},"107":{"start":{"line":422,"column":6},"end":{"line":424,"column":8}},"108":{"start":{"line":425,"column":6},"end":{"line":425,"column":29}},"109":{"start":{"line":426,"column":6},"end":{"line":426,"column":15}},"110":{"start":{"line":428,"column":6},"end":{"line":428,"column":21}},"111":{"start":{"line":429,"column":6},"end":{"line":429,"column":29}},"112":{"start":{"line":434,"column":0},"end":{"line":434,"column":21}}},"fnMap":{"0":{"name":"(anonymous_0)","decl":{"start":{"line":30,"column":13},"end":{"line":30,"column":14}},"loc":{"start":{"line":30,"column":33},"end":{"line":34,"column":1}},"line":30},"1":{"name":"initialiseTables","decl":{"start":{"line":45,"column":15},"end":{"line":45,"column":31}},"loc":{"start":{"line":45,"column":34},"end":{"line":220,"column":1}},"line":45},"2":{"name":"(anonymous_2)","decl":{"start":{"line":46,"column":45},"end":{"line":46,"column":46}},"loc":{"start":{"line":46,"column":63},"end":{"line":96,"column":3}},"line":46},"3":{"name":"(anonymous_3)","decl":{"start":{"line":49,"column":34},"end":{"line":49,"column":35}},"loc":{"start":{"line":49,"column":45},"end":{"line":59,"column":9}},"line":49},"4":{"name":"(anonymous_4)","decl":{"start":{"line":60,"column":14},"end":{"line":60,"column":15}},"loc":{"start":{"line":60,"column":26},"end":{"line":94,"column":9}},"line":60},"5":{"name":"(anonymous_5)","decl":{"start":{"line":97,"column":45},"end":{"line":97,"column":46}},"loc":{"start":{"line":97,"column":63},"end":{"line":219,"column":3}},"line":97},"6":{"name":"(anonymous_6)","decl":{"start":{"line":100,"column":34},"end":{"line":100,"column":35}},"loc":{"start":{"line":100,"column":45},"end":{"line":109,"column":9}},"line":100},"7":{"name":"(anonymous_7)","decl":{"start":{"line":110,"column":14},"end":{"line":110,"column":15}},"loc":{"start":{"line":110,"column":26},"end":{"line":217,"column":9}},"line":110},"8":{"name":"(anonymous_8)","decl":{"start":{"line":227,"column":23},"end":{"line":227,"column":24}},"loc":{"start":{"line":227,"column":43},"end":{"line":252,"column":1}},"line":227},"9":{"name":"(anonymous_9)","decl":{"start":{"line":233,"column":12},"end":{"line":233,"column":13}},"loc":{"start":{"line":233,"column":28},"end":{"line":250,"column":7}},"line":233},"10":{"name":"(anonymous_10)","decl":{"start":{"line":240,"column":18},"end":{"line":240,"column":19}},"loc":{"start":{"line":240,"column":36},"end":{"line":246,"column":13}},"line":240},"11":{"name":"(anonymous_11)","decl":{"start":{"line":258,"column":31},"end":{"line":258,"column":32}},"loc":{"start":{"line":258,"column":51},"end":{"line":271,"column":1}},"line":258},"12":{"name":"(anonymous_12)","decl":{"start":{"line":265,"column":10},"end":{"line":265,"column":11}},"loc":{"start":{"line":265,"column":28},"end":{"line":267,"column":5}},"line":265},"13":{"name":"(anonymous_13)","decl":{"start":{"line":267,"column":13},"end":{"line":267,"column":14}},"loc":{"start":{"line":267,"column":20},"end":{"line":270,"column":5}},"line":267},"14":{"name":"(anonymous_14)","decl":{"start":{"line":277,"column":22},"end":{"line":277,"column":23}},"loc":{"start":{"line":277,"column":42},"end":{"line":309,"column":1}},"line":277},"15":{"name":"(anonymous_15)","decl":{"start":{"line":299,"column":10},"end":{"line":299,"column":11}},"loc":{"start":{"line":299,"column":28},"end":{"line":305,"column":5}},"line":299},"16":{"name":"(anonymous_16)","decl":{"start":{"line":305,"column":13},"end":{"line":305,"column":14}},"loc":{"start":{"line":305,"column":20},"end":{"line":308,"column":5}},"line":305},"17":{"name":"(anonymous_17)","decl":{"start":{"line":315,"column":28},"end":{"line":315,"column":29}},"loc":{"start":{"line":315,"column":48},"end":{"line":329,"column":1}},"line":315},"18":{"name":"(anonymous_18)","decl":{"start":{"line":320,"column":10},"end":{"line":320,"column":11}},"loc":{"start":{"line":320,"column":20},"end":{"line":325,"column":5}},"line":320},"19":{"name":"(anonymous_19)","decl":{"start":{"line":325,"column":13},"end":{"line":325,"column":14}},"loc":{"start":{"line":325,"column":20},"end":{"line":328,"column":5}},"line":325},"20":{"name":"(anonymous_20)","decl":{"start":{"line":335,"column":28},"end":{"line":335,"column":29}},"loc":{"start":{"line":335,"column":48},"end":{"line":349,"column":1}},"line":335},"21":{"name":"(anonymous_21)","decl":{"start":{"line":340,"column":10},"end":{"line":340,"column":11}},"loc":{"start":{"line":340,"column":20},"end":{"line":345,"column":5}},"line":340},"22":{"name":"(anonymous_22)","decl":{"start":{"line":345,"column":13},"end":{"line":345,"column":14}},"loc":{"start":{"line":345,"column":20},"end":{"line":348,"column":5}},"line":345},"23":{"name":"(anonymous_23)","decl":{"start":{"line":355,"column":25},"end":{"line":355,"column":26}},"loc":{"start":{"line":355,"column":45},"end":{"line":367,"column":1}},"line":355},"24":{"name":"(anonymous_24)","decl":{"start":{"line":358,"column":10},"end":{"line":358,"column":11}},"loc":{"start":{"line":358,"column":20},"end":{"line":363,"column":5}},"line":358},"25":{"name":"(anonymous_25)","decl":{"start":{"line":363,"column":13},"end":{"line":363,"column":14}},"loc":{"start":{"line":363,"column":20},"end":{"line":366,"column":5}},"line":363},"26":{"name":"(anonymous_26)","decl":{"start":{"line":373,"column":28},"end":{"line":373,"column":29}},"loc":{"start":{"line":373,"column":48},"end":{"line":391,"column":1}},"line":373},"27":{"name":"(anonymous_27)","decl":{"start":{"line":382,"column":10},"end":{"line":382,"column":11}},"loc":{"start":{"line":382,"column":28},"end":{"line":387,"column":5}},"line":382},"28":{"name":"(anonymous_28)","decl":{"start":{"line":387,"column":13},"end":{"line":387,"column":14}},"loc":{"start":{"line":387,"column":20},"end":{"line":390,"column":5}},"line":387},"29":{"name":"(anonymous_29)","decl":{"start":{"line":397,"column":31},"end":{"line":397,"column":32}},"loc":{"start":{"line":397,"column":51},"end":{"line":410,"column":1}},"line":397},"30":{"name":"(anonymous_30)","decl":{"start":{"line":404,"column":10},"end":{"line":404,"column":11}},"loc":{"start":{"line":404,"column":28},"end":{"line":406,"column":5}},"line":404},"31":{"name":"(anonymous_31)","decl":{"start":{"line":406,"column":13},"end":{"line":406,"column":14}},"loc":{"start":{"line":406,"column":20},"end":{"line":409,"column":5}},"line":406},"32":{"name":"(anonymous_32)","decl":{"start":{"line":416,"column":23},"end":{"line":416,"column":24}},"loc":{"start":{"line":416,"column":43},"end":{"line":431,"column":1}},"line":416},"33":{"name":"(anonymous_33)","decl":{"start":{"line":421,"column":10},"end":{"line":421,"column":11}},"loc":{"start":{"line":421,"column":28},"end":{"line":427,"column":5}},"line":421},"34":{"name":"(anonymous_34)","decl":{"start":{"line":427,"column":13},"end":{"line":427,"column":14}},"loc":{"start":{"line":427,"column":20},"end":{"line":430,"column":5}},"line":427}},"branchMap":{"0":{"loc":{"start":{"line":42,"column":14},"end":{"line":42,"column":142}},"type":"cond-expr","locations":[{"start":{"line":42,"column":49},"end":{"line":42,"column":81}},{"start":{"line":42,"column":84},"end":{"line":42,"column":142}}],"line":42},"1":{"loc":{"start":{"line":47,"column":4},"end":{"line":95,"column":5}},"type":"if","locations":[{"start":{"line":47,"column":4},"end":{"line":95,"column":5}},{"start":{"line":47,"column":4},"end":{"line":95,"column":5}}],"line":47},"2":{"loc":{"start":{"line":98,"column":4},"end":{"line":218,"column":5}},"type":"if","locations":[{"start":{"line":98,"column":4},"end":{"line":218,"column":5}},{"start":{"line":98,"column":4},"end":{"line":218,"column":5}}],"line":98},"3":{"loc":{"start":{"line":229,"column":2},"end":{"line":251,"column":3}},"type":"if","locations":[{"start":{"line":229,"column":2},"end":{"line":251,"column":3}},{"start":{"line":229,"column":2},"end":{"line":251,"column":3}}],"line":229},"4":{"loc":{"start":{"line":229,"column":6},"end":{"line":229,"column":122}},"type":"binary-expr","locations":[{"start":{"line":229,"column":6},"end":{"line":229,"column":62}},{"start":{"line":229,"column":66},"end":{"line":229,"column":122}}],"line":229},"5":{"loc":{"start":{"line":236,"column":8},"end":{"line":249,"column":9}},"type":"if","locations":[{"start":{"line":236,"column":8},"end":{"line":249,"column":9}},{"start":{"line":236,"column":8},"end":{"line":249,"column":9}}],"line":236},"6":{"loc":{"start":{"line":236,"column":12},"end":{"line":236,"column":64}},"type":"binary-expr","locations":[{"start":{"line":236,"column":12},"end":{"line":236,"column":29}},{"start":{"line":236,"column":33},"end":{"line":236,"column":64}}],"line":236}},"s":{"0":2,"1":2,"2":2,"3":2,"4":2,"5":2,"6":2,"7":2,"8":2,"9":2,"10":2,"11":2,"12":2,"13":1,"14":2,"15":2,"16":2,"17":0,"18":0,"19":0,"20":0,"21":0,"22":0,"23":0,"24":0,"25":0,"26":0,"27":0,"28":0,"29":0,"30":0,"31":0,"32":2,"33":2,"34":0,"35":0,"36":0,"37":0,"38":0,"39":0,"40":0,"41":0,"42":0,"43":0,"44":0,"45":0,"46":0,"47":0,"48":2,"49":2,"50":3,"51":3,"52":3,"53":3,"54":3,"55":3,"56":2,"57":2,"58":2,"59":1,"60":2,"61":1,"62":1,"63":1,"64":0,"65":0,"66":2,"67":1,"68":1,"69":1,"70":1,"71":0,"72":0,"73":2,"74":2,"75":2,"76":2,"77":0,"78":0,"79":2,"80":0,"81":0,"82":0,"83":0,"84":0,"85":2,"86":0,"87":0,"88":0,"89":0,"90":0,"91":2,"92":0,"93":0,"94":0,"95":0,"96":0,"97":0,"98":2,"99":0,"100":0,"101":0,"102":0,"103":0,"104":2,"105":0,"106":0,"107":0,"108":0,"109":0,"110":0,"111":0,"112":2},"f":{"0":1,"1":2,"2":2,"3":0,"4":0,"5":2,"6":0,"7":0,"8":3,"9":3,"10":2,"11":1,"12":1,"13":0,"14":1,"15":1,"16":0,"17":2,"18":2,"19":0,"20":0,"21":0,"22":0,"23":0,"24":0,"25":0,"26":0,"27":0,"28":0,"29":0,"30":0,"31":0,"32":0,"33":0,"34":0},"b":{"0":[0,2],"1":[0,2],"2":[0,2],"3":[3,0],"4":[3,3],"5":[2,1],"6":[3,2]},"_coverageSchema":"1a1c01bbd47fc00a2c39e90264f33305004495a9","hash":"c6b4bff9a61400a654a78cf07a94bb905c262189"}
,"C:\\_GIT\\DEV_V\\Werkstuk\\climatelocator\\api\\src\\utils\\DatabaseHelper.js": {"path":"C:\\_GIT\\DEV_V\\Werkstuk\\climatelocator\\api\\src\\utils\\DatabaseHelper.js","statementMap":{},"fnMap":{},"branchMap":{},"s":{},"f":{},"b":{},"_coverageSchema":"1a1c01bbd47fc00a2c39e90264f33305004495a9","hash":"ac70ef85e4fc8055bc72d7ade2a5ce8eb7cb1986"}
,"C:\\_GIT\\DEV_V\\Werkstuk\\climatelocator\\api\\src\\utils\\helpers.js": {"path":"C:\\_GIT\\DEV_V\\Werkstuk\\climatelocator\\api\\src\\utils\\helpers.js","statementMap":{"0":{"start":{"line":3,"column":4},"end":{"line":3,"column":19}},"1":{"start":{"line":5,"column":16},"end":{"line":55,"column":1}},"2":{"start":{"line":7,"column":17},"end":{"line":7,"column":25}},"3":{"start":{"line":8,"column":4},"end":{"line":8,"column":16}},"4":{"start":{"line":15,"column":4},"end":{"line":19,"column":5}},"5":{"start":{"line":16,"column":6},"end":{"line":16,"column":19}},"6":{"start":{"line":18,"column":6},"end":{"line":18,"column":18}},"7":{"start":{"line":27,"column":4},"end":{"line":31,"column":5}},"8":{"start":{"line":28,"column":6},"end":{"line":28,"column":20}},"9":{"start":{"line":30,"column":6},"end":{"line":30,"column":18}},"10":{"start":{"line":39,"column":4},"end":{"line":43,"column":5}},"11":{"start":{"line":40,"column":6},"end":{"line":40,"column":20}},"12":{"start":{"line":42,"column":6},"end":{"line":42,"column":18}},"13":{"start":{"line":47,"column":15},"end":{"line":47,"column":32}},"14":{"start":{"line":48,"column":4},"end":{"line":52,"column":5}},"15":{"start":{"line":48,"column":17},"end":{"line":48,"column":18}},"16":{"start":{"line":49,"column":6},"end":{"line":51,"column":7}},"17":{"start":{"line":50,"column":8},"end":{"line":50,"column":20}},"18":{"start":{"line":53,"column":4},"end":{"line":53,"column":16}},"19":{"start":{"line":57,"column":0},"end":{"line":57,"column":24}}},"fnMap":{"0":{"name":"(anonymous_0)","decl":{"start":{"line":6,"column":16},"end":{"line":6,"column":17}},"loc":{"start":{"line":6,"column":22},"end":{"line":9,"column":3}},"line":6},"1":{"name":"(anonymous_1)","decl":{"start":{"line":14,"column":23},"end":{"line":14,"column":24}},"loc":{"start":{"line":14,"column":35},"end":{"line":20,"column":3}},"line":14},"2":{"name":"(anonymous_2)","decl":{"start":{"line":26,"column":22},"end":{"line":26,"column":23}},"loc":{"start":{"line":26,"column":35},"end":{"line":32,"column":3}},"line":26},"3":{"name":"(anonymous_3)","decl":{"start":{"line":38,"column":22},"end":{"line":38,"column":23}},"loc":{"start":{"line":38,"column":35},"end":{"line":44,"column":3}},"line":38},"4":{"name":"(anonymous_4)","decl":{"start":{"line":46,"column":21},"end":{"line":46,"column":22}},"loc":{"start":{"line":46,"column":31},"end":{"line":54,"column":3}},"line":46}},"branchMap":{"0":{"loc":{"start":{"line":15,"column":4},"end":{"line":19,"column":5}},"type":"if","locations":[{"start":{"line":15,"column":4},"end":{"line":19,"column":5}},{"start":{"line":15,"column":4},"end":{"line":19,"column":5}}],"line":15},"1":{"loc":{"start":{"line":15,"column":8},"end":{"line":15,"column":79}},"type":"binary-expr","locations":[{"start":{"line":15,"column":8},"end":{"line":15,"column":34}},{"start":{"line":15,"column":38},"end":{"line":15,"column":53}},{"start":{"line":15,"column":57},"end":{"line":15,"column":79}}],"line":15},"2":{"loc":{"start":{"line":27,"column":4},"end":{"line":31,"column":5}},"type":"if","locations":[{"start":{"line":27,"column":4},"end":{"line":31,"column":5}},{"start":{"line":27,"column":4},"end":{"line":31,"column":5}}],"line":27},"3":{"loc":{"start":{"line":39,"column":4},"end":{"line":43,"column":5}},"type":"if","locations":[{"start":{"line":39,"column":4},"end":{"line":43,"column":5}},{"start":{"line":39,"column":4},"end":{"line":43,"column":5}}],"line":39},"4":{"loc":{"start":{"line":49,"column":6},"end":{"line":51,"column":7}},"type":"if","locations":[{"start":{"line":49,"column":6},"end":{"line":51,"column":7}},{"start":{"line":49,"column":6},"end":{"line":51,"column":7}}],"line":49},"5":{"loc":{"start":{"line":49,"column":10},"end":{"line":49,"column":51}},"type":"binary-expr","locations":[{"start":{"line":49,"column":10},"end":{"line":49,"column":26}},{"start":{"line":49,"column":30},"end":{"line":49,"column":51}}],"line":49}},"s":{"0":3,"1":3,"2":3,"3":3,"4":2,"5":1,"6":1,"7":5,"8":4,"9":1,"10":5,"11":4,"12":1,"13":5,"14":5,"15":5,"16":0,"17":0,"18":5,"19":3},"f":{"0":3,"1":2,"2":5,"3":5,"4":5},"b":{"0":[1,1],"1":[2,2,2],"2":[4,1],"3":[4,1],"4":[0,0],"5":[0,0]},"_coverageSchema":"1a1c01bbd47fc00a2c39e90264f33305004495a9","hash":"f6d5b84bcdad00d6cbc3bad78d36a256fa190826"}
}
