{"C:\\_GIT\\DEV_V\\Werkstuk\\climatelocator\\api\\src\\server.js": {"path":"C:\\_GIT\\DEV_V\\Werkstuk\\climatelocator\\api\\src\\server.js","statementMap":{"0":{"start":{"line":1,"column":16},"end":{"line":1,"column":34}},"1":{"start":{"line":2,"column":19},"end":{"line":2,"column":41}},"2":{"start":{"line":3,"column":13},"end":{"line":3,"column":28}},"3":{"start":{"line":4,"column":16},"end":{"line":4,"column":45}},"4":{"start":{"line":7,"column":4},"end":{"line":7,"column":33}},"5":{"start":{"line":10,"column":4},"end":{"line":10,"column":21}},"6":{"start":{"line":11,"column":17},"end":{"line":11,"column":53}},"7":{"start":{"line":13,"column":13},"end":{"line":13,"column":17}},"8":{"start":{"line":15,"column":12},"end":{"line":15,"column":21}},"9":{"start":{"line":16,"column":0},"end":{"line":16,"column":17}},"10":{"start":{"line":19,"column":0},"end":{"line":19,"column":27}},"11":{"start":{"line":20,"column":0},"end":{"line":25,"column":2}},"12":{"start":{"line":29,"column":0},"end":{"line":33,"column":3}},"13":{"start":{"line":30,"column":2},"end":{"line":32,"column":4}},"14":{"start":{"line":37,"column":11},"end":{"line":42,"column":2}},"15":{"start":{"line":45,"column":2},"end":{"line":61,"column":5}},"16":{"start":{"line":46,"column":4},"end":{"line":60,"column":5}},"17":{"start":{"line":47,"column":6},"end":{"line":58,"column":11}},"18":{"start":{"line":49,"column":10},"end":{"line":49,"column":29}},"19":{"start":{"line":50,"column":10},"end":{"line":50,"column":29}},"20":{"start":{"line":51,"column":10},"end":{"line":51,"column":48}},"21":{"start":{"line":52,"column":10},"end":{"line":52,"column":46}},"22":{"start":{"line":53,"column":10},"end":{"line":53,"column":40}},"23":{"start":{"line":54,"column":10},"end":{"line":54,"column":39}},"24":{"start":{"line":57,"column":10},"end":{"line":57,"column":44}},"25":{"start":{"line":62,"column":2},"end":{"line":80,"column":5}},"26":{"start":{"line":63,"column":4},"end":{"line":79,"column":5}},"27":{"start":{"line":64,"column":6},"end":{"line":78,"column":11}},"28":{"start":{"line":66,"column":10},"end":{"line":66,"column":29}},"29":{"start":{"line":67,"column":10},"end":{"line":67,"column":29}},"30":{"start":{"line":68,"column":10},"end":{"line":68,"column":31}},"31":{"start":{"line":69,"column":10},"end":{"line":69,"column":34}},"32":{"start":{"line":70,"column":10},"end":{"line":70,"column":46}},"33":{"start":{"line":71,"column":10},"end":{"line":71,"column":47}},"34":{"start":{"line":72,"column":10},"end":{"line":72,"column":31}},"35":{"start":{"line":73,"column":10},"end":{"line":73,"column":34}},"36":{"start":{"line":74,"column":10},"end":{"line":74,"column":39}},"37":{"start":{"line":77,"column":10},"end":{"line":77,"column":49}},"38":{"start":{"line":82,"column":0},"end":{"line":82,"column":19}},"39":{"start":{"line":84,"column":0},"end":{"line":127,"column":3}},"40":{"start":{"line":85,"column":15},"end":{"line":85,"column":37}},"41":{"start":{"line":86,"column":15},"end":{"line":119,"column":3}},"42":{"start":{"line":120,"column":2},"end":{"line":126,"column":7}},"43":{"start":{"line":122,"column":6},"end":{"line":122,"column":29}},"44":{"start":{"line":124,"column":6},"end":{"line":124,"column":21}},"45":{"start":{"line":125,"column":6},"end":{"line":125,"column":29}},"46":{"start":{"line":129,"column":0},"end":{"line":142,"column":3}},"47":{"start":{"line":130,"column":15},"end":{"line":130,"column":53}},"48":{"start":{"line":131,"column":2},"end":{"line":141,"column":7}},"49":{"start":{"line":137,"column":6},"end":{"line":137,"column":29}},"50":{"start":{"line":139,"column":6},"end":{"line":139,"column":21}},"51":{"start":{"line":140,"column":6},"end":{"line":140,"column":29}},"52":{"start":{"line":144,"column":0},"end":{"line":146,"column":3}},"53":{"start":{"line":145,"column":2},"end":{"line":145,"column":25}},"54":{"start":{"line":148,"column":0},"end":{"line":148,"column":21}}},"fnMap":{"0":{"name":"(anonymous_0)","decl":{"start":{"line":29,"column":13},"end":{"line":29,"column":14}},"loc":{"start":{"line":29,"column":33},"end":{"line":33,"column":1}},"line":29},"1":{"name":"initialiseTables","decl":{"start":{"line":44,"column":15},"end":{"line":44,"column":31}},"loc":{"start":{"line":44,"column":34},"end":{"line":81,"column":1}},"line":44},"2":{"name":"(anonymous_2)","decl":{"start":{"line":45,"column":40},"end":{"line":45,"column":41}},"loc":{"start":{"line":45,"column":58},"end":{"line":61,"column":3}},"line":45},"3":{"name":"(anonymous_3)","decl":{"start":{"line":48,"column":29},"end":{"line":48,"column":30}},"loc":{"start":{"line":48,"column":40},"end":{"line":55,"column":9}},"line":48},"4":{"name":"(anonymous_4)","decl":{"start":{"line":56,"column":14},"end":{"line":56,"column":15}},"loc":{"start":{"line":56,"column":26},"end":{"line":58,"column":9}},"line":56},"5":{"name":"(anonymous_5)","decl":{"start":{"line":62,"column":45},"end":{"line":62,"column":46}},"loc":{"start":{"line":62,"column":63},"end":{"line":80,"column":3}},"line":62},"6":{"name":"(anonymous_6)","decl":{"start":{"line":65,"column":34},"end":{"line":65,"column":35}},"loc":{"start":{"line":65,"column":45},"end":{"line":75,"column":9}},"line":65},"7":{"name":"(anonymous_7)","decl":{"start":{"line":76,"column":14},"end":{"line":76,"column":15}},"loc":{"start":{"line":76,"column":26},"end":{"line":78,"column":9}},"line":76},"8":{"name":"(anonymous_8)","decl":{"start":{"line":84,"column":25},"end":{"line":84,"column":26}},"loc":{"start":{"line":84,"column":45},"end":{"line":127,"column":1}},"line":84},"9":{"name":"(anonymous_9)","decl":{"start":{"line":121,"column":10},"end":{"line":121,"column":11}},"loc":{"start":{"line":121,"column":28},"end":{"line":123,"column":5}},"line":121},"10":{"name":"(anonymous_10)","decl":{"start":{"line":123,"column":13},"end":{"line":123,"column":14}},"loc":{"start":{"line":123,"column":20},"end":{"line":126,"column":5}},"line":123},"11":{"name":"(anonymous_11)","decl":{"start":{"line":129,"column":28},"end":{"line":129,"column":29}},"loc":{"start":{"line":129,"column":48},"end":{"line":142,"column":1}},"line":129},"12":{"name":"(anonymous_12)","decl":{"start":{"line":136,"column":10},"end":{"line":136,"column":11}},"loc":{"start":{"line":136,"column":28},"end":{"line":138,"column":5}},"line":136},"13":{"name":"(anonymous_13)","decl":{"start":{"line":138,"column":13},"end":{"line":138,"column":14}},"loc":{"start":{"line":138,"column":20},"end":{"line":141,"column":5}},"line":138},"14":{"name":"(anonymous_14)","decl":{"start":{"line":144,"column":28},"end":{"line":144,"column":29}},"loc":{"start":{"line":144,"column":48},"end":{"line":146,"column":1}},"line":144}},"branchMap":{"0":{"loc":{"start":{"line":41,"column":14},"end":{"line":41,"column":142}},"type":"cond-expr","locations":[{"start":{"line":41,"column":49},"end":{"line":41,"column":81}},{"start":{"line":41,"column":84},"end":{"line":41,"column":142}}],"line":41},"1":{"loc":{"start":{"line":46,"column":4},"end":{"line":60,"column":5}},"type":"if","locations":[{"start":{"line":46,"column":4},"end":{"line":60,"column":5}},{"start":{"line":46,"column":4},"end":{"line":60,"column":5}}],"line":46},"2":{"loc":{"start":{"line":63,"column":4},"end":{"line":79,"column":5}},"type":"if","locations":[{"start":{"line":63,"column":4},"end":{"line":79,"column":5}},{"start":{"line":63,"column":4},"end":{"line":79,"column":5}}],"line":63}},"s":{"0":1,"1":1,"2":1,"3":1,"4":1,"5":1,"6":1,"7":1,"8":1,"9":1,"10":1,"11":1,"12":1,"13":1,"14":1,"15":1,"16":1,"17":0,"18":0,"19":0,"20":0,"21":0,"22":0,"23":0,"24":0,"25":1,"26":1,"27":0,"28":0,"29":0,"30":0,"31":0,"32":0,"33":0,"34":0,"35":0,"36":0,"37":0,"38":1,"39":1,"40":1,"41":1,"42":1,"43":1,"44":0,"45":0,"46":1,"47":1,"48":1,"49":1,"50":0,"51":0,"52":1,"53":1,"54":1},"f":{"0":1,"1":1,"2":1,"3":0,"4":0,"5":1,"6":0,"7":0,"8":1,"9":1,"10":0,"11":1,"12":1,"13":0,"14":1},"b":{"0":[0,1],"1":[0,1],"2":[0,1]},"_coverageSchema":"1a1c01bbd47fc00a2c39e90264f33305004495a9","hash":"5033b70e5c3e19f9424412ce1534a498446bbe2b"}
,"C:\\_GIT\\DEV_V\\Werkstuk\\climatelocator\\api\\src\\utils\\DatabaseHelper.js": {"path":"C:\\_GIT\\DEV_V\\Werkstuk\\climatelocator\\api\\src\\utils\\DatabaseHelper.js","statementMap":{},"fnMap":{},"branchMap":{},"s":{},"f":{},"b":{},"_coverageSchema":"1a1c01bbd47fc00a2c39e90264f33305004495a9","hash":"ac70ef85e4fc8055bc72d7ade2a5ce8eb7cb1986"}
,"C:\\_GIT\\DEV_V\\Werkstuk\\climatelocator\\api\\src\\utils\\helpers.js": {"path":"C:\\_GIT\\DEV_V\\Werkstuk\\climatelocator\\api\\src\\utils\\helpers.js","statementMap":{"0":{"start":{"line":2,"column":22},"end":{"line":2,"column":37}},"1":{"start":{"line":4,"column":16},"end":{"line":45,"column":1}},"2":{"start":{"line":6,"column":18},"end":{"line":6,"column":26}},"3":{"start":{"line":7,"column":5},"end":{"line":7,"column":17}},"4":{"start":{"line":14,"column":4},"end":{"line":18,"column":5}},"5":{"start":{"line":15,"column":6},"end":{"line":15,"column":19}},"6":{"start":{"line":17,"column":6},"end":{"line":17,"column":18}},"7":{"start":{"line":26,"column":4},"end":{"line":30,"column":5}},"8":{"start":{"line":27,"column":6},"end":{"line":27,"column":20}},"9":{"start":{"line":29,"column":6},"end":{"line":29,"column":18}},"10":{"start":{"line":38,"column":4},"end":{"line":42,"column":5}},"11":{"start":{"line":39,"column":6},"end":{"line":39,"column":20}},"12":{"start":{"line":41,"column":6},"end":{"line":41,"column":18}},"13":{"start":{"line":47,"column":0},"end":{"line":47,"column":24}}},"fnMap":{"0":{"name":"(anonymous_0)","decl":{"start":{"line":5,"column":16},"end":{"line":5,"column":17}},"loc":{"start":{"line":5,"column":22},"end":{"line":8,"column":3}},"line":5},"1":{"name":"(anonymous_1)","decl":{"start":{"line":13,"column":23},"end":{"line":13,"column":24}},"loc":{"start":{"line":13,"column":34},"end":{"line":19,"column":3}},"line":13},"2":{"name":"(anonymous_2)","decl":{"start":{"line":25,"column":22},"end":{"line":25,"column":23}},"loc":{"start":{"line":25,"column":34},"end":{"line":31,"column":3}},"line":25},"3":{"name":"(anonymous_3)","decl":{"start":{"line":37,"column":22},"end":{"line":37,"column":23}},"loc":{"start":{"line":37,"column":34},"end":{"line":43,"column":3}},"line":37}},"branchMap":{"0":{"loc":{"start":{"line":14,"column":4},"end":{"line":18,"column":5}},"type":"if","locations":[{"start":{"line":14,"column":4},"end":{"line":18,"column":5}},{"start":{"line":14,"column":4},"end":{"line":18,"column":5}}],"line":14},"1":{"loc":{"start":{"line":14,"column":7},"end":{"line":14,"column":78}},"type":"binary-expr","locations":[{"start":{"line":14,"column":7},"end":{"line":14,"column":33}},{"start":{"line":14,"column":37},"end":{"line":14,"column":52}},{"start":{"line":14,"column":56},"end":{"line":14,"column":78}}],"line":14},"2":{"loc":{"start":{"line":26,"column":4},"end":{"line":30,"column":5}},"type":"if","locations":[{"start":{"line":26,"column":4},"end":{"line":30,"column":5}},{"start":{"line":26,"column":4},"end":{"line":30,"column":5}}],"line":26},"3":{"loc":{"start":{"line":38,"column":4},"end":{"line":42,"column":5}},"type":"if","locations":[{"start":{"line":38,"column":4},"end":{"line":42,"column":5}},{"start":{"line":38,"column":4},"end":{"line":42,"column":5}}],"line":38}},"s":{"0":2,"1":2,"2":1,"3":1,"4":2,"5":1,"6":1,"7":2,"8":1,"9":1,"10":2,"11":1,"12":1,"13":2},"f":{"0":1,"1":2,"2":2,"3":2},"b":{"0":[1,1],"1":[2,2,2],"2":[1,1],"3":[1,1]},"_coverageSchema":"1a1c01bbd47fc00a2c39e90264f33305004495a9","hash":"e8694fa97bd0325f4c8e1effcd77acc53663eb6a"}
}
