TN:
SF:src\server.js
FN:30,(anonymous_0)
FN:45,initialiseTables
FN:46,(anonymous_2)
FN:49,(anonymous_3)
FN:60,(anonymous_4)
FN:100,(anonymous_5)
FN:103,(anonymous_6)
FN:112,(anonymous_7)
FN:226,(anonymous_8)
FN:232,(anonymous_9)
FN:237,(anonymous_10)
FN:253,(anonymous_11)
FN:261,(anonymous_12)
FN:269,(anonymous_13)
FN:272,(anonymous_14)
FN:282,(anonymous_15)
FN:291,(anonymous_16)
FN:295,(anonymous_17)
FN:305,(anonymous_18)
FN:309,(anonymous_19)
FN:312,(anonymous_20)
FN:322,(anonymous_21)
FN:327,(anonymous_22)
FN:330,(anonymous_23)
FN:340,(anonymous_24)
FN:350,(anonymous_25)
FN:353,(anonymous_26)
FN:363,(anonymous_27)
FN:371,(anonymous_28)
FN:373,(anonymous_29)
FN:383,(anonymous_30)
FN:388,(anonymous_31)
FN:392,(anonymous_32)
FN:402,(anonymous_33)
FN:406,(anonymous_34)
FNF:35
FNH:19
FNDA:1,(anonymous_0)
FNDA:2,initialiseTables
FNDA:2,(anonymous_2)
FNDA:0,(anonymous_3)
FNDA:0,(anonymous_4)
FNDA:2,(anonymous_5)
FNDA:0,(anonymous_6)
FNDA:0,(anonymous_7)
FNDA:4,(anonymous_8)
FNDA:4,(anonymous_9)
FNDA:2,(anonymous_10)
FNDA:3,(anonymous_11)
FNDA:2,(anonymous_12)
FNDA:1,(anonymous_13)
FNDA:1,(anonymous_14)
FNDA:2,(anonymous_15)
FNDA:1,(anonymous_16)
FNDA:1,(anonymous_17)
FNDA:3,(anonymous_18)
FNDA:2,(anonymous_19)
FNDA:1,(anonymous_20)
FNDA:0,(anonymous_21)
FNDA:0,(anonymous_22)
FNDA:0,(anonymous_23)
FNDA:0,(anonymous_24)
FNDA:0,(anonymous_25)
FNDA:0,(anonymous_26)
FNDA:0,(anonymous_27)
FNDA:0,(anonymous_28)
FNDA:0,(anonymous_29)
FNDA:0,(anonymous_30)
FNDA:0,(anonymous_31)
FNDA:0,(anonymous_32)
FNDA:1,(anonymous_33)
FNDA:1,(anonymous_34)
DA:1,2
DA:2,2
DA:3,2
DA:4,2
DA:8,2
DA:11,2
DA:12,2
DA:14,2
DA:16,2
DA:17,2
DA:20,2
DA:21,2
DA:30,2
DA:31,1
DA:38,2
DA:46,2
DA:47,2
DA:48,0
DA:50,0
DA:51,0
DA:52,0
DA:53,0
DA:54,0
DA:55,0
DA:56,0
DA:57,0
DA:58,0
DA:61,0
DA:93,0
DA:94,0
DA:95,0
DA:100,2
DA:101,2
DA:102,0
DA:104,0
DA:105,0
DA:106,0
DA:107,0
DA:108,0
DA:109,0
DA:110,0
DA:113,0
DA:114,0
DA:213,0
DA:214,0
DA:220,2
DA:226,2
DA:227,4
DA:228,4
DA:229,4
DA:233,4
DA:234,2
DA:238,2
DA:239,2
DA:243,2
DA:253,2
DA:254,3
DA:255,3
DA:262,2
DA:270,2
DA:271,2
DA:273,1
DA:274,1
DA:282,2
DA:283,2
DA:284,2
DA:285,2
DA:292,1
DA:293,1
DA:296,1
DA:297,1
DA:305,2
DA:306,3
DA:310,2
DA:311,2
DA:313,1
DA:314,1
DA:322,2
DA:323,0
DA:328,0
DA:329,0
DA:331,0
DA:332,0
DA:340,2
DA:341,0
DA:342,0
DA:351,0
DA:352,0
DA:354,0
DA:355,0
DA:363,2
DA:364,0
DA:365,0
DA:372,0
DA:374,0
DA:375,0
DA:383,2
DA:384,0
DA:385,0
DA:389,0
DA:390,0
DA:391,0
DA:393,0
DA:394,0
DA:402,2
DA:403,1
DA:407,1
DA:408,1
DA:412,2
LF:109
LH:60
BRDA:42,0,0,0
BRDA:42,0,1,2
BRDA:47,1,0,0
BRDA:47,1,1,2
BRDA:101,2,0,0
BRDA:101,2,1,2
BRDA:228,3,0,4
BRDA:228,3,1,0
BRDA:228,4,0,4
BRDA:228,4,1,4
BRDA:233,5,0,2
BRDA:233,5,1,2
BRDA:233,6,0,4
BRDA:233,6,1,2
BRF:14
BRH:10
end_of_record
TN:
SF:src\utils\DatabaseHelper.js
FNF:0
FNH:0
LF:0
LH:0
BRF:0
BRH:0
end_of_record
TN:
SF:src\utils\helpers.js
FN:6,(anonymous_0)
FN:14,(anonymous_1)
FN:26,(anonymous_2)
FN:38,(anonymous_3)
FN:50,(anonymous_4)
FNF:5
FNH:5
FNDA:3,(anonymous_0)
FNDA:2,(anonymous_1)
FNDA:6,(anonymous_2)
FNDA:6,(anonymous_3)
FNDA:2,(anonymous_4)
DA:3,3
DA:5,3
DA:7,3
DA:8,3
DA:15,2
DA:16,1
DA:18,1
DA:27,6
DA:28,5
DA:30,1
DA:39,6
DA:40,5
DA:42,1
DA:51,2
DA:52,2
DA:53,0
DA:54,0
DA:57,2
DA:61,3
LF:19
LH:17
BRDA:15,0,0,1
BRDA:15,0,1,1
BRDA:15,1,0,2
BRDA:15,1,1,2
BRDA:15,1,2,2
BRDA:27,2,0,5
BRDA:27,2,1,1
BRDA:39,3,0,5
BRDA:39,3,1,1
BRDA:53,4,0,0
BRDA:53,4,1,0
BRDA:53,5,0,0
BRDA:53,5,1,0
BRF:13
BRH:9
end_of_record
